# JRE version: OpenJDK Runtime Environment AdoptOpenJDK (15.0.1+9) (build 15.0.1+9)
# Java VM: OpenJDK 64-Bit Server VM AdoptOpenJDK (15.0.1+9, mixed mode, sharing, tiered, compressed oops, g1 gc, windows-amd64)
GC Precious Log:
 CPUs: 8 total, 8 available
 Memory: 7778M
 Large Page Support: Disabled
 NUMA Support: Disabled
 Compressed Oops: Enabled (32-bit)
 Heap Region Size: 1M
 Heap Min Capacity: 8M
 Heap Initial Capacity: 122M
 Heap Max Capacity: 1946M
 Pre-touch: Disabled
 Parallel Workers: 8
 Concurrent Workers: 2
 Concurrent Refinement Workers: 8
 Periodic GC: Disabled
Heap:
 garbage-first heap   total 124928K, used 63441K [0x0000000086600000, 0x0000000100000000)
  region size 1024K, 59 young (60416K), 3 survivors (3072K)
 Metaspace       used 7869K, capacity 8484K, committed 8576K, reserved 1056768K
  class space    used 773K, capacity 841K, committed 896K, reserved 1048576K
GC Heap History (20 events):
Event: 323.912 GC heap before
{Heap before GC invocations=67 (full 0):
 garbage-first heap   total 124928K, used 77817K [0x0000000086600000, 0x0000000100000000)
  region size 1024K, 73 young (74752K), 3 survivors (3072K)
 Metaspace       used 7852K, capacity 8481K, committed 8576K, reserved 1056768K
  class space    used 772K, capacity 840K, committed 896K, reserved 1048576K
}
Event: 323.914 GC heap after
{Heap after GC invocations=68 (full 0):
 garbage-first heap   total 124928K, used 7051K [0x0000000086600000, 0x0000000100000000)
  region size 1024K, 3 young (3072K), 3 survivors (3072K)
 Metaspace       used 7852K, capacity 8481K, committed 8576K, reserved 1056768K
  class space    used 772K, capacity 840K, committed 896K, reserved 1048576K
}
Event: 325.518 GC heap before
{Heap before GC invocations=68 (full 0):
 garbage-first heap   total 124928K, used 77707K [0x0000000086600000, 0x0000000100000000)
  region size 1024K, 73 young (74752K), 3 survivors (3072K)
 Metaspace       used 7852K, capacity 8481K, committed 8576K, reserved 1056768K
  class space    used 772K, capacity 840K, committed 896K, reserved 1048576K
}
Event: 325.520 GC heap after
{Heap after GC invocations=69 (full 0):
 garbage-first heap   total 124928K, used 7130K [0x0000000086600000, 0x0000000100000000)
  region size 1024K, 3 young (3072K), 3 survivors (3072K)
 Metaspace       used 7852K, capacity 8481K, committed 8576K, reserved 1056768K
  class space    used 772K, capacity 840K, committed 896K, reserved 1048576K
}
Event: 327.172 GC heap before
{Heap before GC invocations=69 (full 0):
 garbage-first heap   total 124928K, used 77786K [0x0000000086600000, 0x0000000100000000)
  region size 1024K, 73 young (74752K), 3 survivors (3072K)
 Metaspace       used 7861K, capacity 8481K, committed 8576K, reserved 1056768K
  class space    used 772K, capacity 840K, committed 896K, reserved 1048576K
}
Event: 327.173 GC heap after
{Heap after GC invocations=70 (full 0):
 garbage-first heap   total 124928K, used 7113K [0x0000000086600000, 0x0000000100000000)
  region size 1024K, 3 young (3072K), 3 survivors (3072K)
 Metaspace       used 7861K, capacity 8481K, committed 8576K, reserved 1056768K
  class space    used 772K, capacity 840K, committed 896K, reserved 1048576K
}
Event: 329.690 GC heap before
{Heap before GC invocations=70 (full 0):
 garbage-first heap   total 124928K, used 78793K [0x0000000086600000, 0x0000000100000000)
  region size 1024K, 73 young (74752K), 3 survivors (3072K)
 Metaspace       used 7861K, capacity 8481K, committed 8576K, reserved 1056768K
  class space    used 772K, capacity 840K, committed 896K, reserved 1048576K
}
Event: 329.691 GC heap after
{Heap after GC invocations=71 (full 0):
 garbage-first heap   total 124928K, used 7166K [0x0000000086600000, 0x0000000100000000)
  region size 1024K, 3 young (3072K), 3 survivors (3072K)
 Metaspace       used 7861K, capacity 8481K, committed 8576K, reserved 1056768K
  class space    used 772K, capacity 840K, committed 896K, reserved 1048576K
}
Event: 331.345 GC heap before
{Heap before GC invocations=71 (full 0):
 garbage-first heap   total 124928K, used 77822K [0x0000000086600000, 0x0000000100000000)
  region size 1024K, 73 young (74752K), 3 survivors (3072K)
 Metaspace       used 7869K, capacity 8484K, committed 8576K, reserved 1056768K
  class space    used 773K, capacity 841K, committed 896K, reserved 1048576K
}
Event: 331.346 GC heap after
{Heap after GC invocations=72 (full 0):
 garbage-first heap   total 124928K, used 6925K [0x0000000086600000, 0x0000000100000000)
  region size 1024K, 3 young (3072K), 3 survivors (3072K)
 Metaspace       used 7869K, capacity 8484K, committed 8576K, reserved 1056768K
  class space    used 773K, capacity 841K, committed 896K, reserved 1048576K
}
Event: 333.288 GC heap before
{Heap before GC invocations=72 (full 0):
 garbage-first heap   total 124928K, used 78605K [0x0000000086600000, 0x0000000100000000)
  region size 1024K, 73 young (74752K), 3 survivors (3072K)
 Metaspace       used 7869K, capacity 8484K, committed 8576K, reserved 1056768K
  class space    used 773K, capacity 841K, committed 896K, reserved 1048576K
}
Event: 333.289 GC heap after
{Heap after GC invocations=73 (full 0):
 garbage-first heap   total 124928K, used 7037K [0x0000000086600000, 0x0000000100000000)
  region size 1024K, 3 young (3072K), 3 survivors (3072K)
 Metaspace       used 7869K, capacity 8484K, committed 8576K, reserved 1056768K
  class space    used 773K, capacity 841K, committed 896K, reserved 1048576K
}
Event: 334.906 GC heap before
{Heap before GC invocations=73 (full 0):
 garbage-first heap   total 124928K, used 77693K [0x0000000086600000, 0x0000000100000000)
  region size 1024K, 73 young (74752K), 3 survivors (3072K)
 Metaspace       used 7869K, capacity 8484K, committed 8576K, reserved 1056768K
  class space    used 773K, capacity 841K, committed 896K, reserved 1048576K
}
Event: 334.907 GC heap after
{Heap after GC invocations=74 (full 0):
 garbage-first heap   total 124928K, used 7115K [0x0000000086600000, 0x0000000100000000)
  region size 1024K, 3 young (3072K), 3 survivors (3072K)
 Metaspace       used 7869K, capacity 8484K, committed 8576K, reserved 1056768K
  class space    used 773K, capacity 841K, committed 896K, reserved 1048576K
}
Event: 336.540 GC heap before
{Heap before GC invocations=74 (full 0):
 garbage-first heap   total 124928K, used 77771K [0x0000000086600000, 0x0000000100000000)
  region size 1024K, 73 young (74752K), 3 survivors (3072K)
 Metaspace       used 7869K, capacity 8484K, committed 8576K, reserved 1056768K
  class space    used 773K, capacity 841K, committed 896K, reserved 1048576K
}
Event: 336.542 GC heap after
{Heap after GC invocations=75 (full 0):
 garbage-first heap   total 124928K, used 7107K [0x0000000086600000, 0x0000000100000000)
  region size 1024K, 3 young (3072K), 3 survivors (3072K)
 Metaspace       used 7869K, capacity 8484K, committed 8576K, reserved 1056768K
  class space    used 773K, capacity 841K, committed 896K, reserved 1048576K
}
Event: 340.212 GC heap before
{Heap before GC invocations=75 (full 0):
 garbage-first heap   total 124928K, used 77763K [0x0000000086600000, 0x0000000100000000)
  region size 1024K, 73 young (74752K), 3 survivors (3072K)
 Metaspace       used 7869K, capacity 8484K, committed 8576K, reserved 1056768K
  class space    used 773K, capacity 841K, committed 896K, reserved 1048576K
}
Event: 340.213 GC heap after
{Heap after GC invocations=76 (full 0):
 garbage-first heap   total 124928K, used 7064K [0x0000000086600000, 0x0000000100000000)
  region size 1024K, 3 young (3072K), 3 survivors (3072K)
 Metaspace       used 7869K, capacity 8484K, committed 8576K, reserved 1056768K
  class space    used 773K, capacity 841K, committed 896K, reserved 1048576K
}
Event: 341.995 GC heap before
{Heap before GC invocations=76 (full 0):
 garbage-first heap   total 124928K, used 78744K [0x0000000086600000, 0x0000000100000000)
  region size 1024K, 73 young (74752K), 3 survivors (3072K)
 Metaspace       used 7869K, capacity 8484K, committed 8576K, reserved 1056768K
  class space    used 773K, capacity 841K, committed 896K, reserved 1048576K
}
Event: 341.997 GC heap after
{Heap after GC invocations=77 (full 0):
 garbage-first heap   total 124928K, used 7121K [0x0000000086600000, 0x0000000100000000)
  region size 1024K, 3 young (3072K), 3 survivors (3072K)
 Metaspace       used 7869K, capacity 8484K, committed 8576K, reserved 1056768K
  class space    used 773K, capacity 841K, committed 896K, reserved 1048576K
}

